This is pdfTeX, Version 3.14159265-2.6-1.40.19 (MiKTeX 2.9.6840 64-bit) (preloaded format=pdflatex 2018.9.30)  3 APR 2019 22:19
entering extended mode
**./main.tex
(main.tex
LaTeX2e <2018-04-01> patch level 5
("C:\Program Files\MiKTeX 2.9\tex\latex\base\article.cls"
Document Class: article 2014/09/29 v1.4h Standard LaTeX document class
("C:\Program Files\MiKTeX 2.9\tex\latex\base\size10.clo"
File: size10.clo 2014/09/29 v1.4h Standard LaTeX file (size option)
)
\c@part=\count80
\c@section=\count81
\c@subsection=\count82
\c@subsubsection=\count83
\c@paragraph=\count84
\c@subparagraph=\count85
\c@figure=\count86
\c@table=\count87
\abovecaptionskip=\skip41
\belowcaptionskip=\skip42
\bibindent=\dimen102
)
("C:\Program Files\MiKTeX 2.9\tex\latex\graphics\graphicx.sty"
Package: graphicx 2017/06/01 v1.1a Enhanced LaTeX Graphics (DPC,SPQR)

("C:\Program Files\MiKTeX 2.9\tex\latex\graphics\keyval.sty"
Package: keyval 2014/10/28 v1.15 key=value parser (DPC)
\KV@toks@=\toks14
)
("C:\Program Files\MiKTeX 2.9\tex\latex\graphics\graphics.sty"
Package: graphics 2017/06/25 v1.2c Standard LaTeX Graphics (DPC,SPQR)

("C:\Program Files\MiKTeX 2.9\tex\latex\graphics\trig.sty"
Package: trig 2016/01/03 v1.10 sin cos tan (DPC)
)
("C:\Program Files\MiKTeX 2.9\tex\latex\graphics-cfg\graphics.cfg"
File: graphics.cfg 2016/06/04 v1.11 sample graphics configuration
)
Package graphics Info: Driver file: pdftex.def on input line 99.

("C:\Program Files\MiKTeX 2.9\tex\latex\graphics-def\pdftex.def"
File: pdftex.def 2018/01/08 v1.0l Graphics/color driver for pdftex
))
\Gin@req@height=\dimen103
\Gin@req@width=\dimen104
)
("C:\Program Files\MiKTeX 2.9\tex\latex\graphics\color.sty"
Package: color 2016/07/10 v1.1e Standard LaTeX Color (DPC)

("C:\Program Files\MiKTeX 2.9\tex\latex\graphics-cfg\color.cfg"
File: color.cfg 2016/01/02 v1.6 sample color configuration
)
Package color Info: Driver file: pdftex.def on input line 147.
) (main.aux)
\openout1 = `main.aux'.

LaTeX Font Info:    Checking defaults for OML/cmm/m/it on input line 13.
LaTeX Font Info:    ... okay on input line 13.
LaTeX Font Info:    Checking defaults for T1/cmr/m/n on input line 13.
LaTeX Font Info:    ... okay on input line 13.
LaTeX Font Info:    Checking defaults for OT1/cmr/m/n on input line 13.
LaTeX Font Info:    ... okay on input line 13.
LaTeX Font Info:    Checking defaults for OMS/cmsy/m/n on input line 13.
LaTeX Font Info:    ... okay on input line 13.
LaTeX Font Info:    Checking defaults for OMX/cmex/m/n on input line 13.
LaTeX Font Info:    ... okay on input line 13.
LaTeX Font Info:    Checking defaults for U/cmr/m/n on input line 13.
LaTeX Font Info:    ... okay on input line 13.

("C:\Program Files\MiKTeX 2.9\tex\context\base\supp-pdf.mkii"
[Loading MPS to PDF converter (version 2006.09.02).]
\scratchcounter=\count88
\scratchdimen=\dimen105
\scratchbox=\box26
\nofMPsegments=\count89
\nofMParguments=\count90
\everyMPshowfont=\toks15
\MPscratchCnt=\count91
\MPscratchDim=\dimen106
\MPnumerator=\count92
\makeMPintoPDFobject=\count93
\everyMPtoPDFconversion=\toks16
) ("C:\Program Files\MiKTeX 2.9\tex\latex\oberdiek\epstopdf-base.sty"
Package: epstopdf-base 2016/05/15 v2.6 Base part for package epstopdf

("C:\Program Files\MiKTeX 2.9\tex\generic\oberdiek\infwarerr.sty"
Package: infwarerr 2016/05/16 v1.4 Providing info/warning/error messages (HO)
)
("C:\Program Files\MiKTeX 2.9\tex\latex\oberdiek\grfext.sty"
Package: grfext 2016/05/16 v1.2 Manage graphics extensions (HO)

("C:\Program Files\MiKTeX 2.9\tex\generic\oberdiek\kvdefinekeys.sty"
Package: kvdefinekeys 2016/05/16 v1.4 Define keys (HO)

("C:\Program Files\MiKTeX 2.9\tex\generic\oberdiek\ltxcmds.sty"
Package: ltxcmds 2016/05/16 v1.23 LaTeX kernel commands for general use (HO)
)))
("C:\Program Files\MiKTeX 2.9\tex\latex\oberdiek\kvoptions.sty"
Package: kvoptions 2016/05/16 v3.12 Key value format for package options (HO)

("C:\Program Files\MiKTeX 2.9\tex\generic\oberdiek\kvsetkeys.sty"
Package: kvsetkeys 2016/05/16 v1.17 Key value parser (HO)

("C:\Program Files\MiKTeX 2.9\tex\generic\oberdiek\etexcmds.sty"
Package: etexcmds 2016/05/16 v1.6 Avoid name clashes with e-TeX commands (HO)

("C:\Program Files\MiKTeX 2.9\tex\generic\oberdiek\ifluatex.sty"
Package: ifluatex 2016/05/16 v1.4 Provides the ifluatex switch (HO)
Package ifluatex Info: LuaTeX not detected.
)
Package etexcmds Info: Could not find \expanded.
(etexcmds)             That can mean that you are not using pdfTeX 1.50 or
(etexcmds)             that some package has redefined \expanded.
(etexcmds)             In the latter case, load this package earlier.
)))
("C:\Program Files\MiKTeX 2.9\tex\generic\oberdiek\pdftexcmds.sty"
Package: pdftexcmds 2018/09/10 v0.29 Utility functions of pdfTeX for LuaTeX (HO
)

("C:\Program Files\MiKTeX 2.9\tex\generic\oberdiek\ifpdf.sty"
Package: ifpdf 2018/09/07 v3.3 Provides the ifpdf switch
)
Package pdftexcmds Info: LuaTeX not detected.
Package pdftexcmds Info: \pdf@primitive is available.
Package pdftexcmds Info: \pdf@ifprimitive is available.
Package pdftexcmds Info: \pdfdraftmode found.
)
Package epstopdf-base Info: Redefining graphics rule for `.eps' on input line 4
38.
Package grfext Info: Graphics extension search list:
(grfext)             [.pdf,.png,.jpg,.mps,.jpeg,.jbig2,.jb2,.PDF,.PNG,.JPG,.JPE
G,.JBIG2,.JB2,.eps]
(grfext)             \AppendGraphicsExtensions on input line 456.
)
LaTeX Font Info:    Try loading font information for OMS+cmr on input line 21.

("C:\Program Files\MiKTeX 2.9\tex\latex\base\omscmr.fd"
File: omscmr.fd 2014/09/29 v2.5h Standard LaTeX font definitions
)
LaTeX Font Info:    Font shape `OMS/cmr/m/n' in size <10> not available
(Font)              Font shape `OMS/cmsy/m/n' tried instead on input line 21.

Overfull \hbox (22.4968pt too wide) in paragraph at lines 69--69
[]\OT1/cmtt/m/n/10 OperatingVoltage = 40                                       
        %V[] 
 []


Overfull \hbox (43.49661pt too wide) in paragraph at lines 69--69
[]\OT1/cmtt/m/n/10 TorqueConstant = 8.474E-3                                   
        %N.m/A[] 
 []


Overfull \hbox (43.49661pt too wide) in paragraph at lines 69--69
[]\OT1/cmtt/m/n/10 VoltageConstant = 1125                                      
        %RPM/V[] 
 []


Overfull \hbox (38.24666pt too wide) in paragraph at lines 69--69
[]\OT1/cmtt/m/n/10 ArmatureResistance = 0.072                                  
        %Ohms[] 
 []


Overfull \hbox (32.9967pt too wide) in paragraph at lines 69--69
[]\OT1/cmtt/m/n/10 reqOutputSpeed = 575                                        
        %RPM[] 
 []


Overfull \hbox (32.9967pt too wide) in paragraph at lines 69--69
[]\OT1/cmtt/m/n/10 reqOutputTorque = 55                                        
        %N.m[] 
 []


Overfull \hbox (43.49661pt too wide) in paragraph at lines 69--69
[]\OT1/cmtt/m/n/10 Duty = 2000                                                 
        %Hours[] 
 []


Overfull \hbox (32.9967pt too wide) in paragraph at lines 69--69
[]\OT1/cmtt/m/n/10 PressureAngle = 20*pi/180                                   
        %Rad[] 
 []


Overfull \hbox (38.24666pt too wide) in paragraph at lines 69--69
[]\OT1/cmtt/m/n/10 FaceWidth = [1.5, 1.25, 1, 0.75, 0.5, 0.25, 0.188, 0.125]   
        %inch[] 
 []


Overfull \hbox (69.74638pt too wide) in paragraph at lines 69--69
[]\OT1/cmtt/m/n/10 DiametralPitch = [8, 10, 12, 16, 20, 24, 32, 48]            
        %teeth/inch[] 
 []


Overfull \hbox (132.74583pt too wide) in paragraph at lines 69--69
[]\OT1/cmtt/m/n/10 k = 1                                                       
        %Teeth Depth (1 = full)[] 
 []

[1

{C:/Users/Andrew/AppData/Local/MiKTeX/2.9/pdftex/config/pdftex.map}] [2]
Overfull \hbox (22.4968pt too wide) in paragraph at lines 157--157
[]    \OT1/cmtt/m/n/10 1.5000    1.2500    1.0000    0.7500    0.5000    0.2500
    0.1880[] 
 []

[3]
Overfull \hbox (48.74657pt too wide) in paragraph at lines 187--187
[]\OT1/cmtt/m/n/10 plot([StallSpeed:NoLoadSpeed], polyval(MotorLine,[StallSpeed
:NoLoadSpeed]))[] 
 []

Package epstopdf Info: Source file: <main_01.eps>
(epstopdf)                    date: 2019-04-03 22:17:58
(epstopdf)                    size: 48274 bytes
(epstopdf)             Output file: <main_01-eps-converted-to.pdf>
(epstopdf)                    date: 2019-04-03 22:18:49
(epstopdf)                    size: 15146 bytes
(epstopdf)             Command: <epstopdf --outfile=main_01-eps-converted-to.pd
f main_01.eps>
(epstopdf)             \includegraphics on input line 204.
Package epstopdf Info: Output file is already uptodate.


pdfTeX warning: pdflatex (file ./main_01-eps-converted-to.pdf): PDF inclusion: 
found PDF version <1.7>, but at most version <1.5> allowed
<main_01-eps-converted-to.pdf, id=15, 220.825pt x 221.82875pt>
File: main_01-eps-converted-to.pdf Graphic file (type pdf)
<use main_01-eps-converted-to.pdf>
Package pdftex.def Info: main_01-eps-converted-to.pdf  used on input line 204.
(pdftex.def)             Requested size: 289.07999pt x 290.4082pt.
[4]
Overfull \hbox (43.49661pt too wide) in paragraph at lines 231--231
[]\OT1/cmtt/m/n/10 eqn = MotorLine(1)*reqOutputSpeed*r^2 + MotorLine(2)*r == re
qOutputTorque;[] 
 []


Overfull \hbox (11.99689pt too wide) in paragraph at lines 231--231
[]\OT1/cmtt/m/n/10 TargetLine = [MotorLine(1)*ratioTarget^2, MotorLine(2)*ratio
Target];[] 
 []


Overfull \hbox (316.49423pt too wide) in paragraph at lines 231--231
[]\OT1/cmtt/m/n/10 plot([StallSpeed/ratioTarget: NoLoadSpeed/ratioTarget], poly
val(TargetLine,[StallSpeed/ratioTarget: NoLoadSpeed/ratioTarget]))[] 
 []

[5 <./main_01-eps-converted-to.pdf>]
Package epstopdf Info: Source file: <main_02.eps>
(epstopdf)                    date: 2019-04-03 22:17:59
(epstopdf)                    size: 111034 bytes
(epstopdf)             Output file: <main_02-eps-converted-to.pdf>
(epstopdf)                    date: 2019-04-03 22:18:49
(epstopdf)                    size: 36810 bytes
(epstopdf)             Command: <epstopdf --outfile=main_02-eps-converted-to.pd
f main_02.eps>
(epstopdf)             \includegraphics on input line 241.
Package epstopdf Info: Output file is already uptodate.


pdfTeX warning: pdflatex (file ./main_02-eps-converted-to.pdf): PDF inclusion: 
found PDF version <1.7>, but at most version <1.5> allowed
<main_02-eps-converted-to.pdf, id=26, 472.76625pt x 221.82875pt>
File: main_02-eps-converted-to.pdf Graphic file (type pdf)
<use main_02-eps-converted-to.pdf>
Package pdftex.def Info: main_02-eps-converted-to.pdf  used on input line 241.
(pdftex.def)             Requested size: 289.07999pt x 135.64365pt.

Overfull \hbox (305.99432pt too wide) in paragraph at lines 284--284
[]\OT1/cmtt/m/n/10 P1l = ceil((2*k*(m1actual+(m1actual^2+(1-2*m1actual)*(sin(Pr
essureAngle))^2)^0.5))/((1+2*m1actual)*(sin(PressureAngle))^2));[] 
 []


Overfull \hbox (305.99432pt too wide) in paragraph at lines 284--284
[]\OT1/cmtt/m/n/10 P2l = ceil((2*k*(m2actual+(m2actual^2+(1-2*m2actual)*(sin(Pr
essureAngle))^2)^0.5))/((1+2*m2actual)*(sin(PressureAngle))^2));[] 
 []


Overfull \hbox (101.24611pt too wide) in paragraph at lines 284--284
[]\OT1/cmtt/m/n/10 N1l = floor(((P1l^2)*(sin(PressureAngle)^2)-4*k^2)/(4*k-2*P1
l*sin(PressureAngle)^2));[] 
 []


Overfull \hbox (101.24611pt too wide) in paragraph at lines 284--284
[]\OT1/cmtt/m/n/10 N2l = floor(((P1l^2)*(sin(PressureAngle)^2)-4*k^2)/(4*k-2*P2
l*sin(PressureAngle)^2));[] 
 []


Overfull \hbox (59.24648pt too wide) in paragraph at lines 284--284
[]\OT1/cmtt/m/n/10 TRatio = table(P1, P1l, N1, N1l, m1actual, P2, P2l, N2, N2l,
 m2actual, ratio)[] 
 []

[6 <./main_02-eps-converted-to.pdf>]

! Package inputenc Error: Invalid UTF-8 byte 132.

See the inputenc package documentation for explanation.
Type  H <return>  for immediate help.
 ...                                              
                                                  
l.296 \end{verbatim}
                     \color{black}
The document does not appear to be in UTF-8 encoding.
Try adding \UseRawInputEncoding as the first line of the file
or specify an encoding such as \usepackage [latin1]{inputenc}
in the document preamble.
Alternatively, save the file in UTF-8 using your editor or another tool


! Package inputenc Error: Invalid UTF-8 byte 164.

See the inputenc package documentation for explanation.
Type  H <return>  for immediate help.
 ...                                              
                                                  
l.296 \end{verbatim}
                     \color{black}
The document does not appear to be in UTF-8 encoding.
Try adding \UseRawInputEncoding as the first line of the file
or specify an encoding such as \usepackage [latin1]{inputenc}
in the document preamble.
Alternatively, save the file in UTF-8 using your editor or another tool


Overfull \hbox (101.24611pt too wide) in paragraph at lines 296--296
[]    \OT1/cmtt/m/n/10 P1    P1l    N1    N1l    m1actual    P2    P2l    N2   
 N2l    m2actual    ratio[] 
 []


Overfull \hbox (106.49606pt too wide) in paragraph at lines 296--296
[]    \OT1/cmtt/m/n/10 __    ___    __    ___    ________    __    ___    __   
 ___    ________    ______[] 
 []


Overfull \hbox (106.49606pt too wide) in paragraph at lines 296--296
[]    \OT1/cmtt/m/n/10 16    16     70    101     4.375      16    16     70   
 101     4.375      19.141[] 
 []

[7]
Package epstopdf Info: Source file: <main_03.eps>
(epstopdf)                    date: 2019-04-03 22:18:03
(epstopdf)                    size: 151575 bytes
(epstopdf)             Output file: <main_03-eps-converted-to.pdf>
(epstopdf)                    date: 2019-04-03 22:18:50
(epstopdf)                    size: 49067 bytes
(epstopdf)             Command: <epstopdf --outfile=main_03-eps-converted-to.pd
f main_03.eps>
(epstopdf)             \includegraphics on input line 327.
Package epstopdf Info: Output file is already uptodate.


pdfTeX warning: pdflatex (file ./main_03-eps-converted-to.pdf): PDF inclusion: 
found PDF version <1.7>, but at most version <1.5> allowed
<main_03-eps-converted-to.pdf, id=38, 734.745pt x 221.82875pt>
File: main_03-eps-converted-to.pdf Graphic file (type pdf)
<use main_03-eps-converted-to.pdf>
Package pdftex.def Info: main_03-eps-converted-to.pdf  used on input line 327.
(pdftex.def)             Requested size: 289.07999pt x 87.27782pt.

Overfull \hbox (80.24629pt too wide) in paragraph at lines 359--359
[]\OT1/cmtt/m/n/10 TTorqueSpeedEstimation = table(TorqueA, SpeedA, TorqueB, Spe
edB, TorqueC, SpeedC)[] 
 []


Overfull \hbox (22.4968pt too wide) in paragraph at lines 359--359
[]\OT1/cmtt/m/n/10 TPower = table(inputPower, intermediatePower, outputPower, e
fficiency)[] 
 []

[8 <./main_03-eps-converted-to.pdf>]

! Package inputenc Error: Invalid UTF-8 byte 132.

See the inputenc package documentation for explanation.
Type  H <return>  for immediate help.
 ...                                              
                                                  
l.381 \end{verbatim}
                     \color{black}
The document does not appear to be in UTF-8 encoding.
Try adding \UseRawInputEncoding as the first line of the file
or specify an encoding such as \usepackage [latin1]{inputenc}
in the document preamble.
Alternatively, save the file in UTF-8 using your editor or another tool


! Package inputenc Error: Invalid UTF-8 byte 164.

See the inputenc package documentation for explanation.
Type  H <return>  for immediate help.
 ...                                              
                                                  
l.381 \end{verbatim}
                     \color{black}
The document does not appear to be in UTF-8 encoding.
Try adding \UseRawInputEncoding as the first line of the file
or specify an encoding such as \usepackage [latin1]{inputenc}
in the document preamble.
Alternatively, save the file in UTF-8 using your editor or another tool


! Package inputenc Error: Invalid UTF-8 byte 132.

See the inputenc package documentation for explanation.
Type  H <return>  for immediate help.
 ...                                              
                                                  
l.381 \end{verbatim}
                     \color{black}
The document does not appear to be in UTF-8 encoding.
Try adding \UseRawInputEncoding as the first line of the file
or specify an encoding such as \usepackage [latin1]{inputenc}
in the document preamble.
Alternatively, save the file in UTF-8 using your editor or another tool


! Package inputenc Error: Invalid UTF-8 byte 164.

See the inputenc package documentation for explanation.
Type  H <return>  for immediate help.
 ...                                              
                                                  
l.381 \end{verbatim}
                     \color{black}
The document does not appear to be in UTF-8 encoding.
Try adding \UseRawInputEncoding as the first line of the file
or specify an encoding such as \usepackage [latin1]{inputenc}
in the document preamble.
Alternatively, save the file in UTF-8 using your editor or another tool

[9]
Overfull \hbox (27.74675pt too wide) in paragraph at lines 525--525
[]\OT1/cmtt/m/n/10 P1diameter = transpose(P1diameter(2:end)).*100; %meters -> c
entimeters;[] 
 []


Overfull \hbox (27.74675pt too wide) in paragraph at lines 525--525
[]\OT1/cmtt/m/n/10 N1diameter = transpose(N1diameter(2:end)).*100; %meters -> c
entimeters;[] 
 []


Overfull \hbox (27.74675pt too wide) in paragraph at lines 525--525
[]\OT1/cmtt/m/n/10 P2diameter = transpose(P2diameter(2:end)).*100; %meters -> c
entimeters;[] 
 []


Overfull \hbox (27.74675pt too wide) in paragraph at lines 525--525
[]\OT1/cmtt/m/n/10 N2diameter = transpose(N2diameter(2:end)).*100; %meters -> c
entimeters;[] 
 []


Overfull \hbox (353.24391pt too wide) in paragraph at lines 525--525
[]\OT1/cmtt/m/n/10 TForceDiameter = table(transpose(DiametralPitch), Force1t, F
orce1r, P1diameter, N1diameter, Force2t, Force2r, P2diameter, N2diameter)[] 
 []

[10] [11]
Overfull \hbox (122.24593pt too wide) in paragraph at lines 525--525
[]\OT1/cmtt/m/n/10 ForceTorqueTable = table(DiametralPitch, AT, Force1t, Force1
r, BT,  Force2t, Force2r, CT)[] 
 []


Overfull \hbox (101.24611pt too wide) in paragraph at lines 525--525
[]\OT1/cmtt/m/n/10 DiameterTable = table(DiametralPitch, P1diameter, N1diameter
, P2diameter, N2diameter)[] 
 []


! Package inputenc Error: Invalid UTF-8 byte 132.

See the inputenc package documentation for explanation.
Type  H <return>  for immediate help.
 ...                                              
                                                  
l.544 \end{verbatim}
                     \color{black}
The document does not appear to be in UTF-8 encoding.
Try adding \UseRawInputEncoding as the first line of the file
or specify an encoding such as \usepackage [latin1]{inputenc}
in the document preamble.
Alternatively, save the file in UTF-8 using your editor or another tool


! Package inputenc Error: Invalid UTF-8 byte 164.

See the inputenc package documentation for explanation.
Type  H <return>  for immediate help.
 ...                                              
                                                  
l.544 \end{verbatim}
                     \color{black}
The document does not appear to be in UTF-8 encoding.
Try adding \UseRawInputEncoding as the first line of the file
or specify an encoding such as \usepackage [latin1]{inputenc}
in the document preamble.
Alternatively, save the file in UTF-8 using your editor or another tool


Overfull \hbox (221.99506pt too wide) in paragraph at lines 544--544
[]    \OT1/cmtt/m/n/10 Var1    Force1t    Force1r    P1diameter    N1diameter  
  Force2t    Force2r    P2diameter    N2diameter[] 
 []


Overfull \hbox (221.99506pt too wide) in paragraph at lines 544--544
[]    \OT1/cmtt/m/n/10 ____    _______    _______    __________    __________  
  _______    _______    __________    __________[] 
 []


Overfull \hbox (211.49515pt too wide) in paragraph at lines 544--544
[]      \OT1/cmtt/m/n/10 8      125.7     45.751         5.08        22.225    
  494.94     180.14         5.08        22.225[] 
 []


Overfull \hbox (211.49515pt too wide) in paragraph at lines 544--544
[]     \OT1/cmtt/m/n/10 10     157.12     57.188        4.064         17.78    
  618.67     225.18        4.064         17.78[] 
 []


Overfull \hbox (211.49515pt too wide) in paragraph at lines 544--544
[]     \OT1/cmtt/m/n/10 12     188.55     68.626       3.3867        14.817    
  742.41     270.21       3.3867        14.817[] 
 []


Overfull \hbox (211.49515pt too wide) in paragraph at lines 544--544
[]     \OT1/cmtt/m/n/10 16      251.4     91.501         2.54        11.113    
  989.88     360.29         2.54        11.113[] 
 []


Overfull \hbox (211.49515pt too wide) in paragraph at lines 544--544
[]     \OT1/cmtt/m/n/10 20     314.25     114.38        2.032          8.89    
  1237.3     450.36        2.032          8.89[] 
 []


Overfull \hbox (211.49515pt too wide) in paragraph at lines 544--544
[]     \OT1/cmtt/m/n/10 24      377.1     137.25       1.6933        7.4083    
  1484.8     540.43       1.6933        7.4083[] 
 []


Overfull \hbox (211.49515pt too wide) in paragraph at lines 544--544
[]     \OT1/cmtt/m/n/10 32     502.79        183         1.27        5.5563    
  1979.8     720.57         1.27        5.5563[] 
 []


Overfull \hbox (211.49515pt too wide) in paragraph at lines 544--544
[]     \OT1/cmtt/m/n/10 48     754.19      274.5      0.84667        3.7042    
  2969.6     1080.9      0.84667        3.7042[] 
 []

[12]
Overfull \hbox (431.99323pt too wide) in paragraph at lines 609--609
[]    \OT1/cmtt/m/n/10 p1 = stresses(DiametralPitch(x), P1, SpeedA, FaceWidth(x
), Force1t(x), m1actual, PressureAngle, SpeedA*Duty*60);%Speed*Duty*60 -> numbe
r of revs[] 
 []


Overfull \hbox (263.99469pt too wide) in paragraph at lines 609--609
[]    \OT1/cmtt/m/n/10 g1 = stresses(DiametralPitch(x), N1, SpeedB, FaceWidth(x
), Force1t(x), m1actual, PressureAngle, SpeedB*Duty*60);[] 
 []


Overfull \hbox (263.99469pt too wide) in paragraph at lines 609--609
[]    \OT1/cmtt/m/n/10 p2 = stresses(DiametralPitch(x), P2, SpeedB, FaceWidth(x
), Force2t(x), m2actual, PressureAngle, SpeedB*Duty*60);[] 
 []


Overfull \hbox (263.99469pt too wide) in paragraph at lines 609--609
[]    \OT1/cmtt/m/n/10 g2 = stresses(DiametralPitch(x), N2, SpeedC, FaceWidth(x
), Force2t(x), m2actual, PressureAngle, SpeedC*Duty*60);[] 
 []


Overfull \hbox (358.49387pt too wide) in paragraph at lines 609--609
[]\OT1/cmtt/m/n/10 names = ["DP","ContactStress", "BendingStress", "ContactFOS"
, "BendingFOS", "Ko", "Kv", "Ks", "Km", "Kb", "Kt", "Kr", "Cf", "J", "I"];[] 
 []

[13]
Overfull \hbox (6.74693pt too wide) in paragraph at lines 609--609
[]\OT1/cmtt/m/n/10 Tselected = table(transpose(names), PINION1, GEAR1, PINION2,
 GEAR2)[] 
 []


! Package inputenc Error: Invalid UTF-8 byte 132.

See the inputenc package documentation for explanation.
Type  H <return>  for immediate help.
 ...                                              
                                                  
l.703 \end{verbatim}
                     \color{black}
The document does not appear to be in UTF-8 encoding.
Try adding \UseRawInputEncoding as the first line of the file
or specify an encoding such as \usepackage [latin1]{inputenc}
in the document preamble.
Alternatively, save the file in UTF-8 using your editor or another tool


! Package inputenc Error: Invalid UTF-8 byte 164.

See the inputenc package documentation for explanation.
Type  H <return>  for immediate help.
 ...                                              
                                                  
l.703 \end{verbatim}
                     \color{black}
The document does not appear to be in UTF-8 encoding.
Try adding \UseRawInputEncoding as the first line of the file
or specify an encoding such as \usepackage [latin1]{inputenc}
in the document preamble.
Alternatively, save the file in UTF-8 using your editor or another tool


Overfull \hbox (421.49332pt too wide) in paragraph at lines 703--703
[]    \OT1/cmtt/m/n/10 DP    ContactStress    BendingStress    ContactFOS    Be
ndingFOS     Ko       Kv        Ks         Km      Kb    Kt    Kr    Cf     J  
      I[] 
 []


Overfull \hbox (437.24318pt too wide) in paragraph at lines 703--703
[]    \OT1/cmtt/m/n/10 __    _____________    _____________    __________    __
________    ____    ______    _______    ______    __    __    __    __    ____
    ______[] 
 []


Overfull \hbox (437.24318pt too wide) in paragraph at lines 703--703
[]     \OT1/cmtt/m/n/10 8       198.31           8.3576          7.2734        
52.846      1.25    1.4293     1.0912    1.1139    1     1     1     1     0.27
    0.1308[] 
 []


Overfull \hbox (437.24318pt too wide) in paragraph at lines 703--703
[]    \OT1/cmtt/m/n/10 10       264.79             14.9          5.4473        
29.642      1.25    1.3898     1.0678    1.1131    1     1     1     1     0.27
    0.1308[] 
 []


Overfull \hbox (437.24318pt too wide) in paragraph at lines 703--703
[]    \OT1/cmtt/m/n/10 12       346.72           25.547          4.1601        
17.288      1.25      1.36     1.0449    1.1073    1     1     1     1     0.27
    0.1308[] 
 []


Overfull \hbox (437.24318pt too wide) in paragraph at lines 703--703
[]    \OT1/cmtt/m/n/10 16       516.52           56.698          2.7925        
7.7897      1.25     1.317     1.0132     1.104    1     1     1     1     0.27
    0.1308[] 
 []


Overfull \hbox (437.24318pt too wide) in paragraph at lines 703--703
[]    \OT1/cmtt/m/n/10 20          764           124.05          1.8879        
3.5605      1.25     1.287    0.97972    1.0907    1     1     1     1     0.27
    0.1308[] 
 []


Overfull \hbox (437.24318pt too wide) in paragraph at lines 703--703
[]    \OT1/cmtt/m/n/10 24       1241.9           327.75          1.1614        
1.3475      1.25    1.2644    0.93489    1.0673    1     1     1     1     0.27
    0.1308[] 
 []


Overfull \hbox (437.24318pt too wide) in paragraph at lines 703--703
[]    \OT1/cmtt/m/n/10 32       1855.6            731.7         0.77733       0
.60361      1.25     1.232    0.90668    1.0666    1     1     1     1     0.27
    0.1308[] 
 []


Overfull \hbox (437.24318pt too wide) in paragraph at lines 703--703
[]    \OT1/cmtt/m/n/10 48       3284.6           2292.7         0.43913       0
.19263      1.25    1.1926    0.86806    1.0657    1     1     1     1     0.27
    0.1308[] 
 []


! Package inputenc Error: Invalid UTF-8 byte 132.

See the inputenc package documentation for explanation.
Type  H <return>  for immediate help.
 ...                                              
                                                  
l.703 \end{verbatim}
                     \color{black}
The document does not appear to be in UTF-8 encoding.
Try adding \UseRawInputEncoding as the first line of the file
or specify an encoding such as \usepackage [latin1]{inputenc}
in the document preamble.
Alternatively, save the file in UTF-8 using your editor or another tool


! Package inputenc Error: Invalid UTF-8 byte 164.

See the inputenc package documentation for explanation.
Type  H <return>  for immediate help.
 ...                                              
                                                  
l.703 \end{verbatim}
                     \color{black}
The document does not appear to be in UTF-8 encoding.
Try adding \UseRawInputEncoding as the first line of the file
or specify an encoding such as \usepackage [latin1]{inputenc}
in the document preamble.
Alternatively, save the file in UTF-8 using your editor or another tool


Overfull \hbox (421.49332pt too wide) in paragraph at lines 703--703
[]    \OT1/cmtt/m/n/10 DP    ContactStress    BendingStress    ContactFOS    Be
ndingFOS     Ko       Kv        Ks         Km      Kb    Kt    Kr    Cf     J  
      I[] 
 []


Overfull \hbox (437.24318pt too wide) in paragraph at lines 703--703
[]    \OT1/cmtt/m/n/10 __    _____________    _____________    __________    __
________    ____    ______    _______    ______    __    __    __    __    ____
    ______[] 
 []


Overfull \hbox (437.24318pt too wide) in paragraph at lines 703--703
[]     \OT1/cmtt/m/n/10 8        92.82           5.2751          16.879        
87.814      1.25    1.4293     1.0912    1.0676    1     1     1     1     0.41
    0.1308[] 
 []


Overfull \hbox (437.24318pt too wide) in paragraph at lines 703--703
[]    \OT1/cmtt/m/n/10 10       123.82           9.3871          12.653        
49.347      1.25    1.3898     1.0678    1.0649    1     1     1     1     0.41
    0.1308[] 
 []


Overfull \hbox (437.24318pt too wide) in paragraph at lines 703--703
[]    \OT1/cmtt/m/n/10 12       162.26           16.121          9.6551        
28.735      1.25      1.36     1.0449     1.061    1     1     1     1     0.41
    0.1308[] 
 []


Overfull \hbox (437.24318pt too wide) in paragraph at lines 703--703
[]    \OT1/cmtt/m/n/10 16       241.71           35.772          6.4815        
12.949      1.25     1.317     1.0132    1.0577    1     1     1     1     0.41
    0.1308[] 
 []


Overfull \hbox (437.24318pt too wide) in paragraph at lines 703--703
[]    \OT1/cmtt/m/n/10 20       358.75           78.799           4.367        
5.8785      1.25     1.287    0.97972    1.0521    1     1     1     1     0.41
    0.1308[] 
 []


Overfull \hbox (437.24318pt too wide) in paragraph at lines 703--703
[]    \OT1/cmtt/m/n/10 24       587.26           211.16          2.6677        
2.1937      1.25    1.2644    0.93489    1.0442    1     1     1     1     0.41
    0.1308[] 
 []


Overfull \hbox (437.24318pt too wide) in paragraph at lines 703--703
[]    \OT1/cmtt/m/n/10 32       877.42           471.37          1.7855       0
.98272      1.25     1.232    0.90668    1.0434    1     1     1     1     0.41
    0.1308[] 
 []


Overfull \hbox (437.24318pt too wide) in paragraph at lines 703--703
[]    \OT1/cmtt/m/n/10 48       1553.2           1477.1          1.0087       0
.31361      1.25    1.1926    0.86806    1.0425    1     1     1     1     0.41
    0.1308[] 
 []

[14]

! Package inputenc Error: Invalid UTF-8 byte 132.

See the inputenc package documentation for explanation.
Type  H <return>  for immediate help.
 ...                                              
                                                  
l.703 \end{verbatim}
                     \color{black}
The document does not appear to be in UTF-8 encoding.
Try adding \UseRawInputEncoding as the first line of the file
or specify an encoding such as \usepackage [latin1]{inputenc}
in the document preamble.
Alternatively, save the file in UTF-8 using your editor or another tool


! Package inputenc Error: Invalid UTF-8 byte 164.

See the inputenc package documentation for explanation.
Type  H <return>  for immediate help.
 ...                                              
                                                  
l.703 \end{verbatim}
                     \color{black}
The document does not appear to be in UTF-8 encoding.
Try adding \UseRawInputEncoding as the first line of the file
or specify an encoding such as \usepackage [latin1]{inputenc}
in the document preamble.
Alternatively, save the file in UTF-8 using your editor or another tool


Overfull \hbox (421.49332pt too wide) in paragraph at lines 703--703
[]    \OT1/cmtt/m/n/10 DP    ContactStress    BendingStress    ContactFOS    Be
ndingFOS     Ko       Kv        Ks         Km      Kb    Kt    Kr    Cf     J  
      I[] 
 []


Overfull \hbox (437.24318pt too wide) in paragraph at lines 703--703
[]    \OT1/cmtt/m/n/10 __    _____________    _____________    __________    __
________    ____    ______    _______    ______    __    __    __    __    ____
    ______[] 
 []


Overfull \hbox (437.24318pt too wide) in paragraph at lines 703--703
[]     \OT1/cmtt/m/n/10 8       363.97           28.152          4.3044        
 16.454     1.25    1.2227     1.0912    1.1139    1     1     1     1     0.27
    0.1308[] 
 []


Overfull \hbox (437.24318pt too wide) in paragraph at lines 703--703
[]    \OT1/cmtt/m/n/10 10       488.44             50.7          3.2075        
 9.1367     1.25     1.201     1.0678    1.1131    1     1     1     1     0.27
    0.1308[] 
 []


Overfull \hbox (437.24318pt too wide) in paragraph at lines 703--703
[]    \OT1/cmtt/m/n/10 12       642.16           87.633          2.4397        
  5.286     1.25    1.1848     1.0449    1.1073    1     1     1     1     0.27
    0.1308[] 
 []


Overfull \hbox (437.24318pt too wide) in paragraph at lines 703--703
[]    \OT1/cmtt/m/n/10 16       962.55            196.9          1.6276        
 2.3526     1.25    1.1616     1.0132     1.104    1     1     1     1     0.27
    0.1308[] 
 []


Overfull \hbox (437.24318pt too wide) in paragraph at lines 703--703
[]    \OT1/cmtt/m/n/10 20       1430.3           434.74          1.0954        
 1.0655     1.25    1.1455    0.97972    1.0907    1     1     1     1     0.27
    0.1308[] 
 []


Overfull \hbox (437.24318pt too wide) in paragraph at lines 703--703
[]    \OT1/cmtt/m/n/10 24       2333.3             1157         0.67144        
0.40038     1.25    1.1335    0.93489    1.0673    1     1     1     1     0.27
    0.1308[] 
 []


Overfull \hbox (437.24318pt too wide) in paragraph at lines 703--703
[]    \OT1/cmtt/m/n/10 32       3505.1           2610.9         0.44696        
0.17742     1.25    1.1165    0.90668    1.0666    1     1     1     1     0.27
    0.1308[] 
 []


Overfull \hbox (437.24318pt too wide) in paragraph at lines 703--703
[]    \OT1/cmtt/m/n/10 48       6248.1           8296.4         0.25074       0
.055835     1.25     1.096    0.86806    1.0657    1     1     1     1     0.27
    0.1308[] 
 []


! Package inputenc Error: Invalid UTF-8 byte 132.

See the inputenc package documentation for explanation.
Type  H <return>  for immediate help.
 ...                                              
                                                  
l.703 \end{verbatim}
                     \color{black}
The document does not appear to be in UTF-8 encoding.
Try adding \UseRawInputEncoding as the first line of the file
or specify an encoding such as \usepackage [latin1]{inputenc}
in the document preamble.
Alternatively, save the file in UTF-8 using your editor or another tool


! Package inputenc Error: Invalid UTF-8 byte 164.

See the inputenc package documentation for explanation.
Type  H <return>  for immediate help.
 ...                                              
                                                  
l.703 \end{verbatim}
                     \color{black}
The document does not appear to be in UTF-8 encoding.
Try adding \UseRawInputEncoding as the first line of the file
or specify an encoding such as \usepackage [latin1]{inputenc}
in the document preamble.
Alternatively, save the file in UTF-8 using your editor or another tool


Overfull \hbox (421.49332pt too wide) in paragraph at lines 703--703
[]    \OT1/cmtt/m/n/10 DP    ContactStress    BendingStress    ContactFOS    Be
ndingFOS     Ko       Kv        Ks         Km      Kb    Kt    Kr    Cf     J  
      I[] 
 []


Overfull \hbox (437.24318pt too wide) in paragraph at lines 703--703
[]    \OT1/cmtt/m/n/10 __    _____________    _____________    __________    __
________    ____    ______    _______    ______    __    __    __    __    ____
    ______[] 
 []


Overfull \hbox (437.24318pt too wide) in paragraph at lines 703--703
[]     \OT1/cmtt/m/n/10 8       170.36           17.769          9.9888        
27.342      1.25    1.2227     1.0912    1.0676    1     1     1     1     0.41
    0.1308[] 
 []


Overfull \hbox (437.24318pt too wide) in paragraph at lines 703--703
[]    \OT1/cmtt/m/n/10 10        228.4           31.941          7.4502        
 15.21      1.25     1.201     1.0678    1.0649    1     1     1     1     0.41
    0.1308[] 
 []


Overfull \hbox (437.24318pt too wide) in paragraph at lines 703--703
[]    \OT1/cmtt/m/n/10 12       300.52           55.297          5.6623        
 8.786      1.25    1.1848     1.0449     1.061    1     1     1     1     0.41
    0.1308[] 
 []


Overfull \hbox (437.24318pt too wide) in paragraph at lines 703--703
[]    \OT1/cmtt/m/n/10 16       450.44           124.23          3.7778        
3.9109      1.25    1.1616     1.0132    1.0577    1     1     1     1     0.41
    0.1308[] 
 []


Overfull \hbox (437.24318pt too wide) in paragraph at lines 703--703
[]    \OT1/cmtt/m/n/10 20        671.6           276.17          2.5337        
1.7592      1.25    1.1455    0.97972    1.0521    1     1     1     1     0.41
    0.1308[] 
 []


Overfull \hbox (437.24318pt too wide) in paragraph at lines 703--703
[]    \OT1/cmtt/m/n/10 24       1103.4           745.38          1.5422       0
.65181      1.25    1.1335    0.93489    1.0442    1     1     1     1     0.41
    0.1308[] 
 []


Overfull \hbox (437.24318pt too wide) in paragraph at lines 703--703
[]    \OT1/cmtt/m/n/10 32       1657.4             1682          1.0267       0
.28885      1.25    1.1165    0.90668    1.0434    1     1     1     1     0.41
    0.1308[] 
 []


Overfull \hbox (437.24318pt too wide) in paragraph at lines 703--703
[]    \OT1/cmtt/m/n/10 48       2954.6           5344.8         0.57594        
0.0909      1.25     1.096    0.86806    1.0425    1     1     1     1     0.41
    0.1308[] 
 []


! Package inputenc Error: Invalid UTF-8 byte 132.

See the inputenc package documentation for explanation.
Type  H <return>  for immediate help.
 ...                                              
                                                  
l.703 \end{verbatim}
                     \color{black}
The document does not appear to be in UTF-8 encoding.
Try adding \UseRawInputEncoding as the first line of the file
or specify an encoding such as \usepackage [latin1]{inputenc}
in the document preamble.
Alternatively, save the file in UTF-8 using your editor or another tool


! Package inputenc Error: Invalid UTF-8 byte 164.

See the inputenc package documentation for explanation.
Type  H <return>  for immediate help.
 ...                                              
                                                  
l.703 \end{verbatim}
                     \color{black}
The document does not appear to be in UTF-8 encoding.
Try adding \UseRawInputEncoding as the first line of the file
or specify an encoding such as \usepackage [latin1]{inputenc}
in the document preamble.
Alternatively, save the file in UTF-8 using your editor or another tool

[15]
Overfull \hbox (90.7462pt too wide) in paragraph at lines 730--730
[]\OT1/cmtt/m/n/10 Torque = zeros(3,1); %index 1 = Torque A, %index 2 = Torque 
B, %index 3 = Torque C,[] 
 []


Overfull \hbox (43.49661pt too wide) in paragraph at lines 730--730
[]\OT1/cmtt/m/n/10 Wt = zeros(4,1); %index 1 = P1, %index 2 = N1, %index 3 = P2
, index 4 = N2[] 
 []


Overfull \hbox (185.24538pt too wide) in paragraph at lines 730--730
[]\OT1/cmtt/m/n/10 Wt(4) = Torque(3)/(0.5*0.0254*N2/DiametralPitchSelected); %F
 = T/d, meters/inch* teeth / (teeth/inch)[] 
 []


Overfull \hbox (185.24538pt too wide) in paragraph at lines 730--730
[]\OT1/cmtt/m/n/10 Wt(3) = Torque(2)/(0.5*0.0254*P2/DiametralPitchSelected); %F
 = T/d, meters/inch* teeth / (teeth/inch)[] 
 []


Overfull \hbox (185.24538pt too wide) in paragraph at lines 730--730
[]\OT1/cmtt/m/n/10 Wt(2) = Torque(2)/(0.5*0.0254*N1/DiametralPitchSelected); %F
 = T/d, meters/inch* teeth / (teeth/inch)[] 
 []


Overfull \hbox (185.24538pt too wide) in paragraph at lines 730--730
[]\OT1/cmtt/m/n/10 Wt(1) = Torque(1)/(0.5*0.0254*P1/DiametralPitchSelected); %F
 = T/d, meters/inch* teeth / (teeth/inch)[] 
 []


Overfull \hbox (17.24684pt too wide) in paragraph at lines 730--730
[]\OT1/cmtt/m/n/10 TForceCalc = table(["Pinion 1";"Gear 1";"Pinion 2";"Gear 2"]
, Wt, Wr)[] 
 []


! Package inputenc Error: Invalid UTF-8 byte 132.

See the inputenc package documentation for explanation.
Type  H <return>  for immediate help.
 ...                                              
                                                  
l.757 \end{verbatim}
                     \color{black}
The document does not appear to be in UTF-8 encoding.
Try adding \UseRawInputEncoding as the first line of the file
or specify an encoding such as \usepackage [latin1]{inputenc}
in the document preamble.
Alternatively, save the file in UTF-8 using your editor or another tool


! Package inputenc Error: Invalid UTF-8 byte 164.

See the inputenc package documentation for explanation.
Type  H <return>  for immediate help.
 ...                                              
                                                  
l.757 \end{verbatim}
                     \color{black}
The document does not appear to be in UTF-8 encoding.
Try adding \UseRawInputEncoding as the first line of the file
or specify an encoding such as \usepackage [latin1]{inputenc}
in the document preamble.
Alternatively, save the file in UTF-8 using your editor or another tool

[16]

! Package inputenc Error: Invalid UTF-8 byte 132.

See the inputenc package documentation for explanation.
Type  H <return>  for immediate help.
 ...                                              
                                                  
l.757 \end{verbatim}
                     \color{black}
The document does not appear to be in UTF-8 encoding.
Try adding \UseRawInputEncoding as the first line of the file
or specify an encoding such as \usepackage [latin1]{inputenc}
in the document preamble.
Alternatively, save the file in UTF-8 using your editor or another tool


! Package inputenc Error: Invalid UTF-8 byte 164.

See the inputenc package documentation for explanation.
Type  H <return>  for immediate help.
 ...                                              
                                                  
l.757 \end{verbatim}
                     \color{black}
The document does not appear to be in UTF-8 encoding.
Try adding \UseRawInputEncoding as the first line of the file
or specify an encoding such as \usepackage [latin1]{inputenc}
in the document preamble.
Alternatively, save the file in UTF-8 using your editor or another tool

[17]
Package epstopdf Info: Source file: <main_04.eps>
(epstopdf)                    date: 2019-04-03 22:18:04
(epstopdf)                    size: 257045 bytes
(epstopdf)             Output file: <main_04-eps-converted-to.pdf>
(epstopdf)                    date: 2019-04-03 22:18:51
(epstopdf)                    size: 32688 bytes
(epstopdf)             Command: <epstopdf --outfile=main_04-eps-converted-to.pd
f main_04.eps>
(epstopdf)             \includegraphics on input line 829.
Package epstopdf Info: Output file is already uptodate.


pdfTeX warning: pdflatex (file ./main_04-eps-converted-to.pdf): PDF inclusion: 
found PDF version <1.7>, but at most version <1.5> allowed
<main_04-eps-converted-to.pdf, id=74, 564.1075pt x 403.5075pt>
File: main_04-eps-converted-to.pdf Graphic file (type pdf)
<use main_04-eps-converted-to.pdf>
Package pdftex.def Info: main_04-eps-converted-to.pdf  used on input line 829.
(pdftex.def)             Requested size: 289.07999pt x 206.78354pt.
[18] [19 <./main_04-eps-converted-to.pdf>] [20]

! Package inputenc Error: Invalid UTF-8 byte 132.

See the inputenc package documentation for explanation.
Type  H <return>  for immediate help.
 ...                                              
                                                  
l.990 \end{verbatim}
                     \color{black}
The document does not appear to be in UTF-8 encoding.
Try adding \UseRawInputEncoding as the first line of the file
or specify an encoding such as \usepackage [latin1]{inputenc}
in the document preamble.
Alternatively, save the file in UTF-8 using your editor or another tool


! Package inputenc Error: Invalid UTF-8 byte 164.

See the inputenc package documentation for explanation.
Type  H <return>  for immediate help.
 ...                                              
                                                  
l.990 \end{verbatim}
                     \color{black}
The document does not appear to be in UTF-8 encoding.
Try adding \UseRawInputEncoding as the first line of the file
or specify an encoding such as \usepackage [latin1]{inputenc}
in the document preamble.
Alternatively, save the file in UTF-8 using your editor or another tool


! Package inputenc Error: Invalid UTF-8 byte 132.

See the inputenc package documentation for explanation.
Type  H <return>  for immediate help.
 ...                                              
                                                  
l.990 \end{verbatim}
                     \color{black}
The document does not appear to be in UTF-8 encoding.
Try adding \UseRawInputEncoding as the first line of the file
or specify an encoding such as \usepackage [latin1]{inputenc}
in the document preamble.
Alternatively, save the file in UTF-8 using your editor or another tool


! Package inputenc Error: Invalid UTF-8 byte 164.

See the inputenc package documentation for explanation.
Type  H <return>  for immediate help.
 ...                                              
                                                  
l.990 \end{verbatim}
                     \color{black}
The document does not appear to be in UTF-8 encoding.
Try adding \UseRawInputEncoding as the first line of the file
or specify an encoding such as \usepackage [latin1]{inputenc}
in the document preamble.
Alternatively, save the file in UTF-8 using your editor or another tool


! Package inputenc Error: Invalid UTF-8 byte 132.

See the inputenc package documentation for explanation.
Type  H <return>  for immediate help.
 ...                                              
                                                  
l.990 \end{verbatim}
                     \color{black}
The document does not appear to be in UTF-8 encoding.
Try adding \UseRawInputEncoding as the first line of the file
or specify an encoding such as \usepackage [latin1]{inputenc}
in the document preamble.
Alternatively, save the file in UTF-8 using your editor or another tool


! Package inputenc Error: Invalid UTF-8 byte 164.

See the inputenc package documentation for explanation.
Type  H <return>  for immediate help.
 ...                                              
                                                  
l.990 \end{verbatim}
                     \color{black}
The document does not appear to be in UTF-8 encoding.
Try adding \UseRawInputEncoding as the first line of the file
or specify an encoding such as \usepackage [latin1]{inputenc}
in the document preamble.
Alternatively, save the file in UTF-8 using your editor or another tool


! Package inputenc Error: Invalid UTF-8 byte 132.

See the inputenc package documentation for explanation.
Type  H <return>  for immediate help.
 ...                                              
                                                  
l.990 \end{verbatim}
                     \color{black}
The document does not appear to be in UTF-8 encoding.
Try adding \UseRawInputEncoding as the first line of the file
or specify an encoding such as \usepackage [latin1]{inputenc}
in the document preamble.
Alternatively, save the file in UTF-8 using your editor or another tool


! Package inputenc Error: Invalid UTF-8 byte 164.

See the inputenc package documentation for explanation.
Type  H <return>  for immediate help.
 ...                                              
                                                  
l.990 \end{verbatim}
                     \color{black}
The document does not appear to be in UTF-8 encoding.
Try adding \UseRawInputEncoding as the first line of the file
or specify an encoding such as \usepackage [latin1]{inputenc}
in the document preamble.
Alternatively, save the file in UTF-8 using your editor or another tool

[21]
Package epstopdf Info: Source file: <main_05.eps>
(epstopdf)                    date: 2019-04-03 22:18:05
(epstopdf)                    size: 272879 bytes
(epstopdf)             Output file: <main_05-eps-converted-to.pdf>
(epstopdf)                    date: 2019-04-03 22:18:52
(epstopdf)                    size: 43560 bytes
(epstopdf)             Command: <epstopdf --outfile=main_05-eps-converted-to.pd
f main_05.eps>
(epstopdf)             \includegraphics on input line 992.
Package epstopdf Info: Output file is already uptodate.


pdfTeX warning: pdflatex (file ./main_05-eps-converted-to.pdf): PDF inclusion: 
found PDF version <1.7>, but at most version <1.5> allowed
<main_05-eps-converted-to.pdf, id=92, 564.1075pt x 403.5075pt>
File: main_05-eps-converted-to.pdf Graphic file (type pdf)
<use main_05-eps-converted-to.pdf>
Package pdftex.def Info: main_05-eps-converted-to.pdf  used on input line 992.
(pdftex.def)             Requested size: 289.07999pt x 206.78354pt.
[22] [23 <./main_05-eps-converted-to.pdf>] [24]

! Package inputenc Error: Invalid UTF-8 byte 132.

See the inputenc package documentation for explanation.
Type  H <return>  for immediate help.
 ...                                              
                                                  
l.1153 \end{verbatim}
                      \color{black}
The document does not appear to be in UTF-8 encoding.
Try adding \UseRawInputEncoding as the first line of the file
or specify an encoding such as \usepackage [latin1]{inputenc}
in the document preamble.
Alternatively, save the file in UTF-8 using your editor or another tool


! Package inputenc Error: Invalid UTF-8 byte 164.

See the inputenc package documentation for explanation.
Type  H <return>  for immediate help.
 ...                                              
                                                  
l.1153 \end{verbatim}
                      \color{black}
The document does not appear to be in UTF-8 encoding.
Try adding \UseRawInputEncoding as the first line of the file
or specify an encoding such as \usepackage [latin1]{inputenc}
in the document preamble.
Alternatively, save the file in UTF-8 using your editor or another tool


! Package inputenc Error: Invalid UTF-8 byte 132.

See the inputenc package documentation for explanation.
Type  H <return>  for immediate help.
 ...                                              
                                                  
l.1153 \end{verbatim}
                      \color{black}
The document does not appear to be in UTF-8 encoding.
Try adding \UseRawInputEncoding as the first line of the file
or specify an encoding such as \usepackage [latin1]{inputenc}
in the document preamble.
Alternatively, save the file in UTF-8 using your editor or another tool


! Package inputenc Error: Invalid UTF-8 byte 164.

See the inputenc package documentation for explanation.
Type  H <return>  for immediate help.
 ...                                              
                                                  
l.1153 \end{verbatim}
                      \color{black}
The document does not appear to be in UTF-8 encoding.
Try adding \UseRawInputEncoding as the first line of the file
or specify an encoding such as \usepackage [latin1]{inputenc}
in the document preamble.
Alternatively, save the file in UTF-8 using your editor or another tool


! Package inputenc Error: Invalid UTF-8 byte 132.

See the inputenc package documentation for explanation.
Type  H <return>  for immediate help.
 ...                                              
                                                  
l.1153 \end{verbatim}
                      \color{black}
The document does not appear to be in UTF-8 encoding.
Try adding \UseRawInputEncoding as the first line of the file
or specify an encoding such as \usepackage [latin1]{inputenc}
in the document preamble.
Alternatively, save the file in UTF-8 using your editor or another tool


! Package inputenc Error: Invalid UTF-8 byte 164.

See the inputenc package documentation for explanation.
Type  H <return>  for immediate help.
 ...                                              
                                                  
l.1153 \end{verbatim}
                      \color{black}
The document does not appear to be in UTF-8 encoding.
Try adding \UseRawInputEncoding as the first line of the file
or specify an encoding such as \usepackage [latin1]{inputenc}
in the document preamble.
Alternatively, save the file in UTF-8 using your editor or another tool


! Package inputenc Error: Invalid UTF-8 byte 132.

See the inputenc package documentation for explanation.
Type  H <return>  for immediate help.
 ...                                              
                                                  
l.1153 \end{verbatim}
                      \color{black}
The document does not appear to be in UTF-8 encoding.
Try adding \UseRawInputEncoding as the first line of the file
or specify an encoding such as \usepackage [latin1]{inputenc}
in the document preamble.
Alternatively, save the file in UTF-8 using your editor or another tool


! Package inputenc Error: Invalid UTF-8 byte 164.

See the inputenc package documentation for explanation.
Type  H <return>  for immediate help.
 ...                                              
                                                  
l.1153 \end{verbatim}
                      \color{black}
The document does not appear to be in UTF-8 encoding.
Try adding \UseRawInputEncoding as the first line of the file
or specify an encoding such as \usepackage [latin1]{inputenc}
in the document preamble.
Alternatively, save the file in UTF-8 using your editor or another tool

[25]
Package epstopdf Info: Source file: <main_06.eps>
(epstopdf)                    date: 2019-04-03 22:18:06
(epstopdf)                    size: 267466 bytes
(epstopdf)             Output file: <main_06-eps-converted-to.pdf>
(epstopdf)                    date: 2019-04-03 22:18:53
(epstopdf)                    size: 36756 bytes
(epstopdf)             Command: <epstopdf --outfile=main_06-eps-converted-to.pd
f main_06.eps>
(epstopdf)             \includegraphics on input line 1155.
Package epstopdf Info: Output file is already uptodate.


pdfTeX warning: pdflatex (file ./main_06-eps-converted-to.pdf): PDF inclusion: 
found PDF version <1.7>, but at most version <1.5> allowed
<main_06-eps-converted-to.pdf, id=110, 564.1075pt x 403.5075pt>
File: main_06-eps-converted-to.pdf Graphic file (type pdf)
<use main_06-eps-converted-to.pdf>
Package pdftex.def Info: main_06-eps-converted-to.pdf  used on input line 1155.

(pdftex.def)             Requested size: 289.07999pt x 206.78354pt.
[26]
Overfull \hbox (6.74693pt too wide) in paragraph at lines 1181--1181
[]\OT1/cmtt/m/n/10 TEnduranceLimit = table(Diameters, UltimateTensile, Enduranc
eLimit)[] 
 []


Overfull \hbox (652.4913pt too wide) in paragraph at lines 1181--1181
[]\OT1/cmtt/m/n/10 TMarinFactors = array2table([["A";"B";"C"],Diameters, Ultima
teTensile, MarinFactors], 'VariableNames', ["Shaft","Diameters","UltimateTensil
e","EnduranceLimit","Ka","Kb","Kc","Kd","Ke","Kf"])[] 
 []

[27 <./main_06-eps-converted-to.pdf>]

! Package inputenc Error: Invalid UTF-8 byte 132.

See the inputenc package documentation for explanation.
Type  H <return>  for immediate help.
 ...                                              
                                                  
l.1237 \end{verbatim}
                      \color{black}
The document does not appear to be in UTF-8 encoding.
Try adding \UseRawInputEncoding as the first line of the file
or specify an encoding such as \usepackage [latin1]{inputenc}
in the document preamble.
Alternatively, save the file in UTF-8 using your editor or another tool


! Package inputenc Error: Invalid UTF-8 byte 164.

See the inputenc package documentation for explanation.
Type  H <return>  for immediate help.
 ...                                              
                                                  
l.1237 \end{verbatim}
                      \color{black}
The document does not appear to be in UTF-8 encoding.
Try adding \UseRawInputEncoding as the first line of the file
or specify an encoding such as \usepackage [latin1]{inputenc}
in the document preamble.
Alternatively, save the file in UTF-8 using your editor or another tool


! Package inputenc Error: Invalid UTF-8 byte 132.

See the inputenc package documentation for explanation.
Type  H <return>  for immediate help.
 ...                                              
                                                  
l.1237 \end{verbatim}
                      \color{black}
The document does not appear to be in UTF-8 encoding.
Try adding \UseRawInputEncoding as the first line of the file
or specify an encoding such as \usepackage [latin1]{inputenc}
in the document preamble.
Alternatively, save the file in UTF-8 using your editor or another tool


! Package inputenc Error: Invalid UTF-8 byte 164.

See the inputenc package documentation for explanation.
Type  H <return>  for immediate help.
 ...                                              
                                                  
l.1237 \end{verbatim}
                      \color{black}
The document does not appear to be in UTF-8 encoding.
Try adding \UseRawInputEncoding as the first line of the file
or specify an encoding such as \usepackage [latin1]{inputenc}
in the document preamble.
Alternatively, save the file in UTF-8 using your editor or another tool


Overfull \hbox (305.99432pt too wide) in paragraph at lines 1237--1237
[]    \OT1/cmtt/m/n/10 Shaft    Diameters    UltimateTensile    EnduranceLimit 
       Ka             Kb        Kc        Kd         Ke       Kf[] 
 []


Overfull \hbox (311.24428pt too wide) in paragraph at lines 1237--1237
[]    \OT1/cmtt/m/n/10 _____    _________    _______________    ______________ 
   ___________    __________    ___    ________    _______    ___[] 
 []


Overfull \hbox (311.24428pt too wide) in paragraph at lines 1237--1237
[]     \OT1/cmtt/m/n/10 "A"      "0.005"          "800"           "261.7855"   
   "0.7671101"    "1.046115"    "1"    "1.0019"    "0.814"    "1"[] 
 []


Overfull \hbox (311.24428pt too wide) in paragraph at lines 1237--1237
[]     \OT1/cmtt/m/n/10 "B"      "0.005"          "800"           "261.7855"   
   "0.7671101"    "1.046115"    "1"    "1.0019"    "0.814"    "1"[] 
 []


Overfull \hbox (311.24428pt too wide) in paragraph at lines 1237--1237
[]     \OT1/cmtt/m/n/10 "C"      "0.005"          "800"           "261.7855"   
   "0.7671101"    "1.046115"    "1"    "1.0019"    "0.814"    "1"[] 
 []

[28] [29]
Overfull \hbox (64.49643pt too wide) in paragraph at lines 1567--1567
[]\OT1/cmtt/m/n/10 %Shear Force Diagram Plotter: Tlength = length of shaft, Fpo
s = array of force[] 
 []


Overfull \hbox (153.74565pt too wide) in paragraph at lines 1567--1567
[]\OT1/cmtt/m/n/10 %positions (3 decimal places or fewer), F = array for force 
vectors (Transverse Direction Only)[] 
 []


Overfull \hbox (38.24666pt too wide) in paragraph at lines 1567--1567
[]\OT1/cmtt/m/n/10 %Bending Moment Plotter: Tlength = length of shaft, Fpos = a
rray of force[] 
 []


Overfull \hbox (153.74565pt too wide) in paragraph at lines 1567--1567
[]\OT1/cmtt/m/n/10 %positions (3 decimal places or fewer), F = array for force 
vectors (Transverse Direction Only)[] 
 []

[30]
Overfull \hbox (38.24666pt too wide) in paragraph at lines 1567--1567
[]\OT1/cmtt/m/n/10 %Bending Moment Plotter: Tlength = length of shaft, Fpos = a
rray of force[] 
 []


Overfull \hbox (153.74565pt too wide) in paragraph at lines 1567--1567
[]\OT1/cmtt/m/n/10 %positions (3 decimal places or fewer), F = array for force 
vectors (Transverse Direction Only)[] 
 []

[31] [32]
Overfull \hbox (179.99542pt too wide) in paragraph at lines 1567--1567
[]    \OT1/cmtt/m/n/10 kd = 0.975 + Tf*0.432*10^-3 - Tf^2*0.115*10^-5 + Tf^3*0.
104*10^-8 - Tf^4*0.595*10^-12; %Eq. 6-27[] 
 []


Overfull \hbox (69.74638pt too wide) in paragraph at lines 1567--1567
[]    \OT1/cmtt/m/n/10 Qv = 9; %Low end of precision quality gears, Catalog: pg
. 48, AGMA class: 9[] 
 []

[33]
Overfull \hbox (43.49661pt too wide) in paragraph at lines 1567--1567
[]    \OT1/cmtt/m/n/10 %J - Bending Strength Geometry Factor Fig. 14-6, Very ba
d lookup table[] 
 []

[34]
Overfull \hbox (43.49661pt too wide) in paragraph at lines 1567--1567
[]    \OT1/cmtt/m/n/10 CS = (Cp*sqrt(Wt*Ko*Kv*Ks*(Km/(dp*F))*(Cf/I))); %Contact
 stress in psi[] 
 []

[35]
Overfull \hbox (53.99652pt too wide) in paragraph at lines 1567--1567
[]    \OT1/cmtt/m/n/10 OUTPUT = [Pd, CS, BS, CFOS, BFOS, Ko, Kv, Ks, Km, Kb, Kt
, Kr, Cf, J, I];[] 
 []


! Package inputenc Error: Invalid UTF-8 byte 132.

See the inputenc package documentation for explanation.
Type  H <return>  for immediate help.
 ...                                              
                                                  
l.1656 \end{verbatim}
                      \color{black}
The document does not appear to be in UTF-8 encoding.
Try adding \UseRawInputEncoding as the first line of the file
or specify an encoding such as \usepackage [latin1]{inputenc}
in the document preamble.
Alternatively, save the file in UTF-8 using your editor or another tool


! Package inputenc Error: Invalid UTF-8 byte 164.

See the inputenc package documentation for explanation.
Type  H <return>  for immediate help.
 ...                                              
                                                  
l.1656 \end{verbatim}
                      \color{black}
The document does not appear to be in UTF-8 encoding.
Try adding \UseRawInputEncoding as the first line of the file
or specify an encoding such as \usepackage [latin1]{inputenc}
in the document preamble.
Alternatively, save the file in UTF-8 using your editor or another tool


! Package inputenc Error: Invalid UTF-8 byte 132.

See the inputenc package documentation for explanation.
Type  H <return>  for immediate help.
 ...                                              
                                                  
l.1656 \end{verbatim}
                      \color{black}
The document does not appear to be in UTF-8 encoding.
Try adding \UseRawInputEncoding as the first line of the file
or specify an encoding such as \usepackage [latin1]{inputenc}
in the document preamble.
Alternatively, save the file in UTF-8 using your editor or another tool


! Package inputenc Error: Invalid UTF-8 byte 164.

See the inputenc package documentation for explanation.
Type  H <return>  for immediate help.
 ...                                              
                                                  
l.1656 \end{verbatim}
                      \color{black}
The document does not appear to be in UTF-8 encoding.
Try adding \UseRawInputEncoding as the first line of the file
or specify an encoding such as \usepackage [latin1]{inputenc}
in the document preamble.
Alternatively, save the file in UTF-8 using your editor or another tool


! Package inputenc Error: Invalid UTF-8 byte 132.

See the inputenc package documentation for explanation.
Type  H <return>  for immediate help.
 ...                                              
                                                  
l.1656 \end{verbatim}
                      \color{black}
The document does not appear to be in UTF-8 encoding.
Try adding \UseRawInputEncoding as the first line of the file
or specify an encoding such as \usepackage [latin1]{inputenc}
in the document preamble.
Alternatively, save the file in UTF-8 using your editor or another tool


! Package inputenc Error: Invalid UTF-8 byte 164.

See the inputenc package documentation for explanation.
Type  H <return>  for immediate help.
 ...                                              
                                                  
l.1656 \end{verbatim}
                      \color{black}
The document does not appear to be in UTF-8 encoding.
Try adding \UseRawInputEncoding as the first line of the file
or specify an encoding such as \usepackage [latin1]{inputenc}
in the document preamble.
Alternatively, save the file in UTF-8 using your editor or another tool


! Package inputenc Error: Invalid UTF-8 byte 132.

See the inputenc package documentation for explanation.
Type  H <return>  for immediate help.
 ...                                              
                                                  
l.1656 \end{verbatim}
                      \color{black}
The document does not appear to be in UTF-8 encoding.
Try adding \UseRawInputEncoding as the first line of the file
or specify an encoding such as \usepackage [latin1]{inputenc}
in the document preamble.
Alternatively, save the file in UTF-8 using your editor or another tool


! Package inputenc Error: Invalid UTF-8 byte 164.

See the inputenc package documentation for explanation.
Type  H <return>  for immediate help.
 ...                                              
                                                  
l.1656 \end{verbatim}
                      \color{black}
The document does not appear to be in UTF-8 encoding.
Try adding \UseRawInputEncoding as the first line of the file
or specify an encoding such as \usepackage [latin1]{inputenc}
in the document preamble.
Alternatively, save the file in UTF-8 using your editor or another tool

[36] [37] [38] (main.aux) ) 
Here is how much of TeX's memory you used:
 1505 strings out of 492970
 22063 string characters out of 3135852
 100101 words of memory out of 3000000
 5383 multiletter control sequences out of 15000+200000
 4413 words of font info for 17 fonts, out of 3000000 for 9000
 1141 hyphenation exceptions out of 8191
 41i,5n,25p,273b,251s stack positions out of 5000i,500n,10000p,200000b,50000s
<C:/Program Files/MiKTeX 2.9/fonts/type1/public/amsf
onts/cm/cmbx12.pfb><C:/Program Files/MiKTeX 2.9/fonts/type1/public/amsfonts/cm/
cmr10.pfb><C:/Program Files/MiKTeX 2.9/fonts/type1/public/amsfonts/cm/cmsy10.pf
b><C:/Program Files/MiKTeX 2.9/fonts/type1/public/amsfonts/cm/cmtt10.pfb>
Output written on main.pdf (38 pages, 304790 bytes).
PDF statistics:
 172 PDF objects out of 1000 (max. 8388607)
 0 named destinations out of 1000 (max. 500000)
 31 words of extra memory for PDF output out of 10000 (max. 10000000)

